2021-08-31 06:37:23,686 2007 [main] INFO  i.g.bonigarcia.wdm.WebDriverManager - Reading https://chromedriver.storage.googleapis.com/ to seek chromedriver
2021-08-31 06:37:24,775 3096 [main] INFO  i.g.bonigarcia.wdm.WebDriverManager - Latest version of chromedriver is 93.0.4577.15
2021-08-31 06:37:24,795 3116 [main] INFO  io.github.bonigarcia.wdm.Downloader - Using binary driver previously downloaded
2021-08-31 06:37:24,797 3118 [main] INFO  i.g.bonigarcia.wdm.WebDriverManager - Exporting webdriver.chrome.driver as C:\Users\Lenovo\.m2\repository\webdriver\chromedriver\win32\93.0.4577.15\chromedriver.exe
2021-08-31 06:37:31,806 10127 [main] INFO  tests.BrokenLinksImagesTest - Chrome Browser has been initiated
2021-08-31 06:37:47,589 25910 [main] INFO  tests.BrokenLinksImagesTest - User clicked on TextBox element
2021-08-31 06:37:47,836 26157 [main] INFO  tests.BrokenLinksImagesTest - User entered full name
2021-08-31 06:37:48,076 26397 [main] INFO  tests.BrokenLinksImagesTest - User entered an email address
2021-08-31 06:37:48,438 26759 [main] INFO  tests.BrokenLinksImagesTest - User entered current address
2021-08-31 06:37:48,742 27063 [main] INFO  tests.BrokenLinksImagesTest - User enetered permanent address
2021-08-31 06:37:54,755 33076 [main] INFO  tests.BrokenLinksImagesTest - User clicked on CheckBox element
2021-08-31 06:37:55,332 33653 [main] INFO  tests.BrokenLinksImagesTest - User clicked Home expand option to see sub-node checkboxes
2021-08-31 06:37:55,696 34017 [main] INFO  tests.BrokenLinksImagesTest - User clicked Desktop expand option to see it's sub-node checkboxes
2021-08-31 06:37:55,907 34228 [main] INFO  tests.BrokenLinksImagesTest - User selected Commands sub-node checkbox from Desktop
2021-08-31 06:37:59,971 38292 [main] INFO  tests.BrokenLinksImagesTest - User clicked on Radio Buttons Element from Elements List
2021-08-31 06:38:00,210 38531 [main] INFO  tests.BrokenLinksImagesTest - User clicked YES radio button
2021-08-31 06:38:06,964 45285 [main] INFO  tests.BrokenLinksImagesTest - User clicked Web Tables element
2021-08-31 06:38:07,206 45527 [main] INFO  tests.BrokenLinksImagesTest - User deleted second person details from Web Tables
2021-08-31 06:38:11,724 50045 [main] INFO  tests.BrokenLinksImagesTest - User clicked Buttons Element Page present on Left Side
2021-08-31 06:38:12,479 50800 [main] INFO  tests.BrokenLinksImagesTest - User performed Double Click on Button
2021-08-31 06:38:12,771 51092 [main] INFO  tests.BrokenLinksImagesTest - User performed Right Click on Button
2021-08-31 06:38:13,007 51328 [main] INFO  tests.BrokenLinksImagesTest - User perforemd Single Click on a Button
2021-08-31 06:38:18,788 57109 [main] INFO  tests.BrokenLinksImagesTest - User Clicked Links Element From Left Panel
2021-08-31 06:38:19,245 57566 [main] INFO  tests.BrokenLinksImagesTest - User Clicked Home Hyperlink on Page
2021-08-31 06:38:23,185 61506 [main] INFO  tests.BrokenLinksImagesTest - User switched to the Second Window and got the title
2021-08-31 06:38:23,229 61550 [main] INFO  tests.BrokenLinksImagesTest - User switched to First WIndow
2021-08-31 06:38:23,515 61836 [main] INFO  tests.BrokenLinksImagesTest - User Clicked Dynamic Hyperlink on Page
2021-08-31 06:38:23,619 61940 [main] INFO  tests.BrokenLinksImagesTest - Second Winodw is launched
2021-08-31 06:38:23,675 61996 [main] INFO  tests.BrokenLinksImagesTest - User switched to First WIndow
2021-08-31 06:38:23,992 62313 [main] INFO  tests.BrokenLinksImagesTest - User Clicked Created Hyperlink on Page
2021-08-31 06:38:24,177 62498 [main] INFO  tests.BrokenLinksImagesTest - User switched to First WIndow
2021-08-31 06:38:28,334 66655 [main] INFO  tests.BrokenLinksImagesTest - User clicked Broken Links-Images Element Page present on Left Side
2021-08-31 06:38:33,428 71749 [main] INFO  tests.BrokenLinksImagesTest - Invalid Images have been verified
2021-08-31 06:38:37,921 76242 [main] INFO  tests.BrokenLinksImagesTest - Invalid Links have been verified
