2021-08-11 11:24:56,519 1874 [main] INFO  i.g.bonigarcia.wdm.WebDriverManager - Reading https://chromedriver.storage.googleapis.com/ to seek chromedriver
2021-08-11 11:24:57,337 2692 [main] INFO  i.g.bonigarcia.wdm.WebDriverManager - Latest version of chromedriver is 93.0.4577.15
2021-08-11 11:24:57,363 2718 [main] INFO  io.github.bonigarcia.wdm.Downloader - Using binary driver previously downloaded
2021-08-11 11:24:57,365 2720 [main] INFO  i.g.bonigarcia.wdm.WebDriverManager - Exporting webdriver.chrome.driver as C:\Users\Lenovo\.m2\repository\webdriver\chromedriver\win32\93.0.4577.15\chromedriver.exe
2021-08-11 11:25:15,668 21023 [main] INFO  tests.BrokenLinksImagesTest - Chrome Browser has been initiated
2021-08-11 11:25:31,396 36751 [main] INFO  tests.BrokenLinksImagesTest - User clicked on TextBox element
2021-08-11 11:25:32,111 37466 [main] INFO  tests.BrokenLinksImagesTest - User entered full name
2021-08-11 11:25:32,362 37717 [main] INFO  tests.BrokenLinksImagesTest - User entered an email address
2021-08-11 11:25:32,648 38003 [main] INFO  tests.BrokenLinksImagesTest - User entered current address
2021-08-11 11:25:32,931 38286 [main] INFO  tests.BrokenLinksImagesTest - User enetered permanent address
2021-08-11 11:26:09,081 74436 [main] INFO  tests.BrokenLinksImagesTest - User clicked on CheckBox element
2021-08-11 11:26:09,584 74939 [main] INFO  tests.BrokenLinksImagesTest - User clicked Home expand option to see sub-node checkboxes
2021-08-11 11:26:09,942 75297 [main] INFO  tests.BrokenLinksImagesTest - User clicked Desktop expand option to see it's sub-node checkboxes
2021-08-11 11:26:10,201 75556 [main] INFO  tests.BrokenLinksImagesTest - User selected Commands sub-node checkbox from Desktop
2021-08-11 11:26:17,173 82528 [main] INFO  tests.BrokenLinksImagesTest - User clicked on Radio Buttons Element from Elements List
2021-08-11 11:26:17,738 83093 [main] INFO  tests.BrokenLinksImagesTest - User clicked YES radio button
2021-08-11 11:26:24,382 89737 [main] INFO  tests.BrokenLinksImagesTest - User clicked Web Tables element
2021-08-11 11:26:24,526 89881 [main] INFO  tests.BrokenLinksImagesTest - User deleted second person details from Web Tables
2021-08-11 11:26:27,857 93212 [main] INFO  tests.BrokenLinksImagesTest - User clicked Buttons Element Page present on Left Side
2021-08-11 11:26:28,323 93678 [main] INFO  tests.BrokenLinksImagesTest - User performed Double Click on Button
2021-08-11 11:26:28,623 93978 [main] INFO  tests.BrokenLinksImagesTest - User performed Right Click on Button
2021-08-11 11:26:28,802 94157 [main] INFO  tests.BrokenLinksImagesTest - User perforemd Single Click on a Button
2021-08-11 11:26:31,103 96458 [main] INFO  tests.BrokenLinksImagesTest - User Clicked Links Element From Left Panel
2021-08-11 11:26:31,347 96702 [main] INFO  tests.BrokenLinksImagesTest - User Clicked Home Hyperlink on Page
2021-08-11 11:26:33,869 99224 [main] INFO  tests.BrokenLinksImagesTest - User switched to the Second Window and got the title
2021-08-11 11:26:33,947 99302 [main] INFO  tests.BrokenLinksImagesTest - User switched to First WIndow
2021-08-11 11:26:34,187 99542 [main] INFO  tests.BrokenLinksImagesTest - User Clicked Dynamic Hyperlink on Page
2021-08-11 11:26:34,259 99614 [main] INFO  tests.BrokenLinksImagesTest - Second Winodw is launched
2021-08-11 11:26:34,300 99655 [main] INFO  tests.BrokenLinksImagesTest - User switched to First WIndow
2021-08-11 11:26:34,696 100051 [main] INFO  tests.BrokenLinksImagesTest - User Clicked Created Hyperlink on Page
2021-08-11 11:26:35,306 100661 [main] INFO  tests.BrokenLinksImagesTest - User switched to First WIndow
2021-08-11 11:26:37,084 102439 [main] INFO  tests.BrokenLinksImagesTest - User clicked Broken Links-Images Element Page present on Left Side
2021-08-11 11:26:42,161 107516 [main] INFO  tests.BrokenLinksImagesTest - Invalid Images have been verified
2021-08-11 11:26:45,279 110634 [main] INFO  tests.BrokenLinksImagesTest - Invalid Links have been verified
