2021-08-31 07:38:25,347 2082 [main] INFO  i.g.bonigarcia.wdm.WebDriverManager - Reading https://chromedriver.storage.googleapis.com/ to seek chromedriver
2021-08-31 07:38:26,184 2919 [main] INFO  i.g.bonigarcia.wdm.WebDriverManager - Latest version of chromedriver is 93.0.4577.15
2021-08-31 07:38:26,206 2941 [main] INFO  io.github.bonigarcia.wdm.Downloader - Using binary driver previously downloaded
2021-08-31 07:38:26,208 2943 [main] INFO  i.g.bonigarcia.wdm.WebDriverManager - Exporting webdriver.chrome.driver as C:\Users\Lenovo\.m2\repository\webdriver\chromedriver\win32\93.0.4577.15\chromedriver.exe
2021-08-31 07:38:36,155 12890 [main] INFO  tests.BrokenLinksImagesTest - Chrome Browser has been initiated
2021-08-31 07:38:46,586 23321 [main] INFO  tests.BrokenLinksImagesTest - User clicked on TextBox element
2021-08-31 07:38:46,820 23555 [main] INFO  tests.BrokenLinksImagesTest - User entered full name
2021-08-31 07:38:47,141 23876 [main] INFO  tests.BrokenLinksImagesTest - User entered an email address
2021-08-31 07:38:47,541 24276 [main] INFO  tests.BrokenLinksImagesTest - User entered current address
2021-08-31 07:38:48,008 24743 [main] INFO  tests.BrokenLinksImagesTest - User enetered permanent address
2021-08-31 07:38:51,824 28559 [main] INFO  tests.BrokenLinksImagesTest - User clicked on CheckBox element
2021-08-31 07:38:52,068 28803 [main] INFO  tests.BrokenLinksImagesTest - User clicked Home expand option to see sub-node checkboxes
2021-08-31 07:38:52,328 29063 [main] INFO  tests.BrokenLinksImagesTest - User clicked Desktop expand option to see it's sub-node checkboxes
2021-08-31 07:38:52,487 29222 [main] INFO  tests.BrokenLinksImagesTest - User selected Commands sub-node checkbox from Desktop
2021-08-31 07:38:54,940 31675 [main] INFO  tests.BrokenLinksImagesTest - User clicked on Radio Buttons Element from Elements List
2021-08-31 07:38:55,100 31835 [main] INFO  tests.BrokenLinksImagesTest - User clicked YES radio button
2021-08-31 07:38:58,139 34874 [main] INFO  tests.BrokenLinksImagesTest - User clicked Web Tables element
2021-08-31 07:38:58,307 35042 [main] INFO  tests.BrokenLinksImagesTest - User deleted second person details from Web Tables
2021-08-31 07:39:01,879 38614 [main] INFO  tests.BrokenLinksImagesTest - User clicked Buttons Element Page present on Left Side
2021-08-31 07:39:02,263 38998 [main] INFO  tests.BrokenLinksImagesTest - User performed Double Click on Button
2021-08-31 07:39:02,557 39292 [main] INFO  tests.BrokenLinksImagesTest - User performed Right Click on Button
2021-08-31 07:39:02,729 39464 [main] INFO  tests.BrokenLinksImagesTest - User perforemd Single Click on a Button
2021-08-31 07:39:04,675 41410 [main] INFO  tests.BrokenLinksImagesTest - User Clicked Links Element From Left Panel
2021-08-31 07:39:05,090 41825 [main] INFO  tests.BrokenLinksImagesTest - User Clicked Home Hyperlink on Page
2021-08-31 07:39:09,267 46002 [main] INFO  tests.BrokenLinksImagesTest - User switched to the Second Window and got the title
2021-08-31 07:39:09,292 46027 [main] INFO  tests.BrokenLinksImagesTest - User switched to First WIndow
2021-08-31 07:39:09,556 46291 [main] INFO  tests.BrokenLinksImagesTest - User Clicked Dynamic Hyperlink on Page
2021-08-31 07:39:09,759 46494 [main] INFO  tests.BrokenLinksImagesTest - Second Winodw is launched
2021-08-31 07:39:09,802 46537 [main] INFO  tests.BrokenLinksImagesTest - User switched to First WIndow
2021-08-31 07:39:09,996 46731 [main] INFO  tests.BrokenLinksImagesTest - User Clicked Created Hyperlink on Page
2021-08-31 07:39:10,287 47022 [main] INFO  tests.BrokenLinksImagesTest - User switched to First WIndow
2021-08-31 07:39:12,094 48829 [main] INFO  tests.BrokenLinksImagesTest - User clicked Broken Links-Images Element Page present on Left Side
2021-08-31 07:39:16,862 53597 [main] INFO  tests.BrokenLinksImagesTest - Invalid Images have been verified
2021-08-31 07:39:19,835 56570 [main] INFO  tests.BrokenLinksImagesTest - Invalid Links have been verified
